<?xml version="1.0" encoding="UTF-8"?>
<testng-results skipped="1" failed="1" total="4" passed="2">
  <reporter-output>
    <line>
      <![CDATA[INFO com.epam.maya_semina.utils.ScreenShot: Delete all files from folderD:\Maya\workspace\com.epam.maya_semina.lesson_10\test-output\html\screenshots<br>]]>
    </line>
    <line>
      <![CDATA[WARN com.epam.maya_semina.test.BaseTest: start: setUp<br>]]>
    </line>
    <line>
      <![CDATA[WARN com.epam.maya_semina.test.BaseTest: finish: setUp<br>]]>
    </line>
    <line>
      <![CDATA[INFO com.epam.maya_semina.test.BaseTest: start: 'navigateToMailPageTest'<br>]]>
    </line>
    <line>
      <![CDATA[INFO com.epam.maya_semina.test.BaseTest: finish: 'navigateToMailPageTest'<br>]]>
    </line>
    <line>
      <![CDATA[INFO com.epam.maya_semina.test.BaseTest: start: 'clear'<br>]]>
    </line>
    <line>
      <![CDATA[INFO com.epam.maya_semina.test.BaseTest: finish: 'clear'<br>]]>
    </line>
    <line>
      <![CDATA[INFO com.epam.maya_semina.test.BaseTest: start: 'writeLetterTest'<br>]]>
    </line>
    <line>
      <![CDATA[INFO com.epam.maya_semina.test.BaseTest: finish: 'writeLetterTest'<br>]]>
    </line>
    <line>
      <![CDATA[INFO com.epam.maya_semina.test.BaseTest: start: 'sendDraftTest'<br>]]>
    </line>
    <line>
      <![CDATA[INFO com.epam.maya_semina.test.BaseTest: finish: 'sendDraftTest'<br>]]>
    </line>
    <line>
      <![CDATA[INFO com.epam.maya_semina.utils.ScreenShot: <a href='screenshots/screenshot4829285213828681072.png'>AutoScreenshot in failed test</a><br>]]>
    </line>
    <line>
      <![CDATA[INFO com.epam.maya_semina.test.BaseTest: start: 'exitTest'<br>]]>
    </line>
    <line>
      <![CDATA[INFO com.epam.maya_semina.test.BaseTest: finish: 'exitTest'<br>]]>
    </line>
    <line>
      <![CDATA[WARN com.epam.maya_semina.test.BaseTest: start: close<br>]]>
    </line>
    <line>
      <![CDATA[WARN com.epam.maya_semina.test.BaseTest: finish: close<br>]]>
    </line>
  </reporter-output>
  <suite name="Default suite" duration-ms="39006" started-at="2016-08-23T07:25:12Z" finished-at="2016-08-23T07:25:51Z">
    <groups>
      <group name="authorization">
        <method signature="BaseTest.navigateToMailPageTest()[pri:0, instance:com.epam.maya_semina.test.MailboxTestPatterns@3fb6a447]" name="navigateToMailPageTest" class="com.epam.maya_semina.test.BaseTest"/>
      </group> <!-- authorization -->
      <group name="verify_sent_letter">
        <method signature="MailboxTestPatterns.veryfySentLetterTest()[pri:0, instance:com.epam.maya_semina.test.MailboxTestPatterns@3fb6a447]" name="veryfySentLetterTest" class="com.epam.maya_semina.test.MailboxTestPatterns"/>
      </group> <!-- verify_sent_letter -->
      <group name="send_a_letter">
        <method signature="MailboxTestPatterns.sendDraftTest()[pri:0, instance:com.epam.maya_semina.test.MailboxTestPatterns@3fb6a447]" name="sendDraftTest" class="com.epam.maya_semina.test.MailboxTestPatterns"/>
      </group> <!-- send_a_letter -->
      <group name="write_a_letter">
        <method signature="MailboxTestPatterns.writeLetterTest()[pri:0, instance:com.epam.maya_semina.test.MailboxTestPatterns@3fb6a447]" name="writeLetterTest" class="com.epam.maya_semina.test.MailboxTestPatterns"/>
      </group> <!-- write_a_letter -->
    </groups>
    <test name="Default test" duration-ms="39006" started-at="2016-08-23T07:25:12Z" finished-at="2016-08-23T07:25:51Z">
      <class name="com.epam.maya_semina.test.MailboxTestPatterns">
        <test-method status="PASS" signature="setUp(java.lang.String)[pri:0, instance:com.epam.maya_semina.test.MailboxTestPatterns@3fb6a447]" name="setUp" is-config="true" duration-ms="4113" started-at="2016-08-23T10:25:12Z" finished-at="2016-08-23T10:25:16Z">
          <params>
            <param index="0">
              <value>
                <![CDATA[http://письмо.рф]]>
              </value>
            </param>
          </params>
          <reporter-output>
            <line>
              <![CDATA[WARN com.epam.maya_semina.test.BaseTest: start: setUp<br>]]>
            </line>
            <line>
              <![CDATA[WARN com.epam.maya_semina.test.BaseTest: finish: setUp<br>]]>
            </line>
          </reporter-output>
        </test-method> <!-- setUp -->
        <test-method status="PASS" signature="mailBoxTestSetUp()[pri:0, instance:com.epam.maya_semina.test.MailboxTestPatterns@3fb6a447]" name="mailBoxTestSetUp" is-config="true" duration-ms="17" started-at="2016-08-23T10:25:16Z" finished-at="2016-08-23T10:25:16Z">
          <reporter-output>
          </reporter-output>
        </test-method> <!-- mailBoxTestSetUp -->
        <test-method status="PASS" signature="navigateToMailPageTest()[pri:0, instance:com.epam.maya_semina.test.MailboxTestPatterns@3fb6a447]" name="navigateToMailPageTest" duration-ms="2481" started-at="2016-08-23T10:25:16Z" finished-at="2016-08-23T10:25:19Z">
          <reporter-output>
            <line>
              <![CDATA[INFO com.epam.maya_semina.test.BaseTest: start: 'navigateToMailPageTest'<br>]]>
            </line>
            <line>
              <![CDATA[INFO com.epam.maya_semina.test.BaseTest: finish: 'navigateToMailPageTest'<br>]]>
            </line>
          </reporter-output>
        </test-method> <!-- navigateToMailPageTest -->
        <test-method status="PASS" signature="clear()[pri:0, instance:com.epam.maya_semina.test.MailboxTestPatterns@3fb6a447]" name="clear" is-config="true" duration-ms="4453" started-at="2016-08-23T10:25:19Z" finished-at="2016-08-23T10:25:23Z">
          <reporter-output>
            <line>
              <![CDATA[INFO com.epam.maya_semina.test.BaseTest: start: 'clear'<br>]]>
            </line>
            <line>
              <![CDATA[INFO com.epam.maya_semina.test.BaseTest: finish: 'clear'<br>]]>
            </line>
          </reporter-output>
        </test-method> <!-- clear -->
        <test-method status="PASS" signature="writeLetterTest()[pri:0, instance:com.epam.maya_semina.test.MailboxTestPatterns@3fb6a447]" name="writeLetterTest" duration-ms="12421" started-at="2016-08-23T10:25:23Z" finished-at="2016-08-23T10:25:36Z">
          <reporter-output>
            <line>
              <![CDATA[INFO com.epam.maya_semina.test.BaseTest: start: 'writeLetterTest'<br>]]>
            </line>
            <line>
              <![CDATA[INFO com.epam.maya_semina.test.BaseTest: finish: 'writeLetterTest'<br>]]>
            </line>
          </reporter-output>
        </test-method> <!-- writeLetterTest -->
        <test-method status="FAIL" signature="sendDraftTest()[pri:0, instance:com.epam.maya_semina.test.MailboxTestPatterns@3fb6a447]" name="sendDraftTest" duration-ms="12853" depends-on-groups="write_a_letter" started-at="2016-08-23T10:25:36Z" finished-at="2016-08-23T10:25:49Z">
          <exception class="java.lang.AssertionError">
            <message>
              <![CDATA[Letter is not saved expected [true] but found [false]]]>
            </message>
            <full-stacktrace>
              <![CDATA[java.lang.AssertionError: Letter is not saved expected [true] but found [false]
	at org.testng.Assert.fail(Assert.java:94)
	at org.testng.Assert.failNotEquals(Assert.java:513)
	at org.testng.Assert.assertTrue(Assert.java:42)
	at com.epam.maya_semina.test.MailboxTestPatterns.sendDraftTest(MailboxTestPatterns.java:89)
	at sun.reflect.NativeMethodAccessorImpl.invoke0(Native Method)
	at sun.reflect.NativeMethodAccessorImpl.invoke(Unknown Source)
	at sun.reflect.DelegatingMethodAccessorImpl.invoke(Unknown Source)
	at java.lang.reflect.Method.invoke(Unknown Source)
	at org.testng.internal.MethodInvocationHelper.invokeMethod(MethodInvocationHelper.java:86)
	at org.testng.internal.Invoker.invokeMethod(Invoker.java:643)
	at org.testng.internal.Invoker.invokeTestMethod(Invoker.java:820)
	at org.testng.internal.Invoker.invokeTestMethods(Invoker.java:1128)
	at org.testng.internal.TestMethodWorker.invokeTestMethods(TestMethodWorker.java:129)
	at org.testng.internal.TestMethodWorker.run(TestMethodWorker.java:112)
	at org.testng.TestRunner.privateRun(TestRunner.java:782)
	at org.testng.TestRunner.run(TestRunner.java:632)
	at org.testng.SuiteRunner.runTest(SuiteRunner.java:366)
	at org.testng.SuiteRunner.runSequentially(SuiteRunner.java:361)
	at org.testng.SuiteRunner.privateRun(SuiteRunner.java:319)
	at org.testng.SuiteRunner.run(SuiteRunner.java:268)
	at org.testng.SuiteRunnerWorker.runSuite(SuiteRunnerWorker.java:52)
	at org.testng.SuiteRunnerWorker.run(SuiteRunnerWorker.java:86)
	at org.testng.TestNG.runSuitesSequentially(TestNG.java:1244)
	at org.testng.TestNG.runSuitesLocally(TestNG.java:1169)
	at org.testng.TestNG.run(TestNG.java:1064)
	at com.epam.maya_semina.runner.Runner.run(Runner.java:40)
	at com.epam.maya_semina.runner.Runner.main(Runner.java:20)
]]>
            </full-stacktrace>
          </exception> <!-- java.lang.AssertionError -->
          <reporter-output>
            <line>
              <![CDATA[INFO com.epam.maya_semina.test.BaseTest: start: 'sendDraftTest'<br>]]>
            </line>
            <line>
              <![CDATA[INFO com.epam.maya_semina.test.BaseTest: finish: 'sendDraftTest'<br>]]>
            </line>
            <line>
              <![CDATA[INFO com.epam.maya_semina.utils.ScreenShot: <a href='screenshots/screenshot4829285213828681072.png'>AutoScreenshot in failed test</a><br>]]>
            </line>
          </reporter-output>
        </test-method> <!-- sendDraftTest -->
        <test-method status="SKIP" signature="veryfySentLetterTest()[pri:0, instance:com.epam.maya_semina.test.MailboxTestPatterns@3fb6a447]" name="veryfySentLetterTest" duration-ms="0" depends-on-groups="send_a_letter" started-at="2016-08-23T10:25:49Z" finished-at="2016-08-23T10:25:49Z">
          <exception class="java.lang.Throwable">
            <message>
              <![CDATA[Method MailboxTestPatterns.veryfySentLetterTest()[pri:0, instance:com.epam.maya_semina.test.MailboxTestPatterns@3fb6a447] depends on not successfully finished methods in group "send_a_letter"]]>
            </message>
            <full-stacktrace>
              <![CDATA[java.lang.Throwable: Method MailboxTestPatterns.veryfySentLetterTest()[pri:0, instance:com.epam.maya_semina.test.MailboxTestPatterns@3fb6a447] depends on not successfully finished methods in group "send_a_letter"
	at org.testng.internal.Invoker.invokeTestMethods(Invoker.java:1037)
	at org.testng.internal.TestMethodWorker.invokeTestMethods(TestMethodWorker.java:129)
	at org.testng.internal.TestMethodWorker.run(TestMethodWorker.java:112)
	at org.testng.TestRunner.privateRun(TestRunner.java:782)
	at org.testng.TestRunner.run(TestRunner.java:632)
	at org.testng.SuiteRunner.runTest(SuiteRunner.java:366)
	at org.testng.SuiteRunner.runSequentially(SuiteRunner.java:361)
	at org.testng.SuiteRunner.privateRun(SuiteRunner.java:319)
	at org.testng.SuiteRunner.run(SuiteRunner.java:268)
	at org.testng.SuiteRunnerWorker.runSuite(SuiteRunnerWorker.java:52)
	at org.testng.SuiteRunnerWorker.run(SuiteRunnerWorker.java:86)
	at org.testng.TestNG.runSuitesSequentially(TestNG.java:1244)
	at org.testng.TestNG.runSuitesLocally(TestNG.java:1169)
	at org.testng.TestNG.run(TestNG.java:1064)
	at com.epam.maya_semina.runner.Runner.run(Runner.java:40)
	at com.epam.maya_semina.runner.Runner.main(Runner.java:20)
]]>
            </full-stacktrace>
          </exception> <!-- java.lang.Throwable -->
          <reporter-output>
          </reporter-output>
        </test-method> <!-- veryfySentLetterTest -->
        <test-method status="PASS" signature="exitTest()[pri:0, instance:com.epam.maya_semina.test.MailboxTestPatterns@3fb6a447]" name="exitTest" is-config="true" duration-ms="2556" started-at="2016-08-23T10:25:49Z" finished-at="2016-08-23T10:25:51Z">
          <reporter-output>
            <line>
              <![CDATA[INFO com.epam.maya_semina.test.BaseTest: start: 'exitTest'<br>]]>
            </line>
            <line>
              <![CDATA[INFO com.epam.maya_semina.test.BaseTest: finish: 'exitTest'<br>]]>
            </line>
          </reporter-output>
        </test-method> <!-- exitTest -->
        <test-method status="PASS" signature="close()[pri:0, instance:com.epam.maya_semina.test.MailboxTestPatterns@3fb6a447]" name="close" is-config="true" duration-ms="7" started-at="2016-08-23T10:25:51Z" finished-at="2016-08-23T10:25:51Z">
          <reporter-output>
            <line>
              <![CDATA[WARN com.epam.maya_semina.test.BaseTest: start: close<br>]]>
            </line>
            <line>
              <![CDATA[WARN com.epam.maya_semina.test.BaseTest: finish: close<br>]]>
            </line>
          </reporter-output>
        </test-method> <!-- close -->
      </class> <!-- com.epam.maya_semina.test.MailboxTestPatterns -->
    </test> <!-- Default test -->
  </suite> <!-- Default suite -->
</testng-results>
